20.02.2021 00:55:27	This log contains information about the import schema operation into project 'ReCaptDatabase' on computer 'LAPTOP-1T5L9525' by user 'HP'.
20.02.2021 00:55:27	Import of database schema has started.
20.02.2021 00:55:31	Gathering database credentials
20.02.2021 00:55:31	Gathering database options
20.02.2021 00:55:31	Gathering users
20.02.2021 00:55:31	Gathering roles
20.02.2021 00:55:31	Gathering application roles
20.02.2021 00:55:31	Gathering role memberships
20.02.2021 00:55:31	Gathering filegroups
20.02.2021 00:55:31	Gathering full-text catalogs
20.02.2021 00:55:31	Gathering assemblies
20.02.2021 00:55:31	Gathering certificates
20.02.2021 00:55:31	Gathering asymmetric keys
20.02.2021 00:55:31	Gathering symmetric keys
20.02.2021 00:55:31	Gathering encrypted symmetric keys
20.02.2021 00:55:31	Gathering schemas
20.02.2021 00:55:31	Gathering XML schema collections
20.02.2021 00:55:31	Gathering user-defined data types
20.02.2021 00:55:31	Gathering user-defined types
20.02.2021 00:55:31	Gathering table types
20.02.2021 00:55:31	Gathering unique keys for table types
20.02.2021 00:55:31	Gathering primary keys for table types
20.02.2021 00:55:31	Gathering indexes for table types
20.02.2021 00:55:31	Gathering check constraints for table types
20.02.2021 00:55:31	Gathering default constraints for table types
20.02.2021 00:55:31	Gathering partition functions
20.02.2021 00:55:31	Gathering partition schemes
20.02.2021 00:55:31	Gathering functions
20.02.2021 00:55:31	Gathering encrypted functions
20.02.2021 00:55:31	Gathering aggregates
20.02.2021 00:55:31	Gathering procedures
20.02.2021 00:55:31	Gathering encrypted procedures
20.02.2021 00:55:31	Gathering tables
20.02.2021 00:55:31	Gathering primary keys
20.02.2021 00:55:31	Gathering unique constraints
20.02.2021 00:55:31	Gathering foreign keys
20.02.2021 00:55:31	Gathering default constraints
20.02.2021 00:55:31	Gathering check constraints
20.02.2021 00:55:31	Gathering views
20.02.2021 00:55:31	Gathering encrypted views
20.02.2021 00:55:31	Gathering indexes
20.02.2021 00:55:31	Gathering statistics
20.02.2021 00:55:31	Gathering full-text index stoplists
20.02.2021 00:55:31	Gathering search property lists
20.02.2021 00:55:31	Gathering search properties
20.02.2021 00:55:31	Gathering full-text indexes
20.02.2021 00:55:31	Gathering column store indexes
20.02.2021 00:55:31	Gathering spatial indexes
20.02.2021 00:55:31	Gathering XML indexes
20.02.2021 00:55:31	Gathering Selective XML indexes
20.02.2021 00:55:31	Gathering encrypted triggers
20.02.2021 00:55:31	Gathering triggers
20.02.2021 00:55:31	Gathering encrypted and clr ddl triggers
20.02.2021 00:55:31	Gathering ddl triggers
20.02.2021 00:55:31	Gathering synonyms
20.02.2021 00:55:31	Gathering defaults
20.02.2021 00:55:31	Gathering data constraint uddt bindings
20.02.2021 00:55:31	Gathering rules
20.02.2021 00:55:31	Gathering data constraint uddt bindings
20.02.2021 00:55:31	Gathering message types
20.02.2021 00:55:31	Gathering queues
20.02.2021 00:55:31	Gathering contracts
20.02.2021 00:55:31	Gathering services
20.02.2021 00:55:31	Gathering event notifications
20.02.2021 00:55:31	Gathering remote service bindings
20.02.2021 00:55:31	Gathering broker priorities
20.02.2021 00:55:31	Gathering signatures
20.02.2021 00:55:31	Gathering data compression options
20.02.2021 00:55:31	Gathering sequence types
20.02.2021 00:55:31	Gathering security policies
20.02.2021 00:55:31	Gather column encryption keys
20.02.2021 00:55:31	Gathering column master keys
20.02.2021 00:55:31	Gathering external data sources
20.02.2021 00:55:31	Gathering external file formats
20.02.2021 00:55:31	Gathering external tables
20.02.2021 00:55:31	Gathering extended properties
20.02.2021 00:55:31	Gathering credentials
20.02.2021 00:55:31	Gathering logins
20.02.2021 00:55:31	Gathering server audits
20.02.2021 00:55:31	Scanning project for duplicate elements
20.02.2021 00:55:31	Finished duplicate element processing
20.02.2021 00:55:32	Finished importing database.
20.02.2021 00:55:32	A summary of the import was saved to the following location: C:\Users\HP\Desktop\Visual Studio\ReCapProject\ReCaptDatabase\Import Schema Logs\ReCaptDatabase_20210219095527.log
20.02.2021 00:55:32	Click Finish to continue...
